This is pdfTeX, Version 3.141592-1.40.4 (MiKTeX 2.7) (preloaded format=pdfcslatex 2010.10.5)  5 OCT 2010 21:35
entering extended mode
**Hron-thesis-2009.tex
(Hron-thesis-2009.tex
LaTeX2e <2005/12/01>
Loading CZ hyphenation patterns: Pavel Sevecek, v3, 1995
Loading SK hyphenation patterns: Jana Chlebikova, 1992
("C:\Program Files (x86)\MiKTeX 2.7\tex\latex\base\book.cls"
Document Class: book 2005/09/16 v1.4f Standard LaTeX document class
("C:\Program Files (x86)\MiKTeX 2.7\tex\latex\base\bk11.clo"
File: bk11.clo 2005/09/16 v1.4f Standard LaTeX file (size option)
)
\c@part=\count79
\c@chapter=\count80
\c@section=\count81
\c@subsection=\count82
\c@subsubsection=\count83
\c@paragraph=\count84
\c@subparagraph=\count85
\c@figure=\count86
\c@table=\count87
\abovecaptionskip=\skip41
\belowcaptionskip=\skip42
\bibindent=\dimen102
)
("C:\Program Files (x86)\MiKTeX 2.7\tex\generic\babel\babel.sty"
Package: babel 2005/11/23 v3.8h The Babel package

("C:\Program Files (x86)\MiKTeX 2.7\tex\generic\babel\babel.def"
File: babel.def 2005/11/23 v3.8h Babel common definitions

("C:\Program Files (x86)\MiKTeX 2.7\tex\generic\babel\switch.def"
File: switch.def 2005/11/23 v3.8h Babel language switching mechanism
)
\babel@savecnt=\count88
\U@D=\dimen103
)
*************************************
* Local config file bblopts.cfg used
*
("C:\Program Files (x86)\MiKTeX 2.7\tex\latex\00miktex\bblopts.cfg"
File: bblopts.cfg 2006/07/31 v1.0 MiKTeX 'babel' configuration
)
("C:\Program Files (x86)\MiKTeX 2.7\tex\generic\babel\czech.ldf"
Language: czech 2005/03/29 v1.3k Czech support from the babel system


Package babel Warning: No hyphenation patterns were loaded for
(babel)                the language `Czech'
(babel)                I will use the patterns loaded for \language=0 instead.

\l@czech = a dialect from \language0
) ("C:\Program Files (x86)\MiKTeX 2.7\tex\generic\babel\english.ldf"
Language: english 2005/03/30 v3.3o English support from the babel system
\l@british = a dialect from \language\l@english 
\l@UKenglish = a dialect from \language\l@english 
\l@american = a dialect from \language\l@english 
\l@canadian = a dialect from \language\l@american 
\l@australian = a dialect from \language\l@british 
\l@newzealand = a dialect from \language\l@british 
))
("C:\Program Files (x86)\MiKTeX 2.7\tex\latex\base\fontenc.sty"
Package: fontenc 2005/09/27 v1.99g Standard LaTeX package

("C:\Program Files (x86)\MiKTeX 2.7\tex\latex\base\t1enc.def"
File: t1enc.def 2005/09/27 v1.99g Standard LaTeX file
LaTeX Font Info:    Redeclaring font encoding T1 on input line 43.
))
("C:\Program Files (x86)\MiKTeX 2.7\tex\latex\base\fontenc.sty"
Package: fontenc 2005/09/27 v1.99g Standard LaTeX package

("C:\Program Files (x86)\MiKTeX 2.7\tex\latex\base\ot1enc.def"
File: ot1enc.def 2005/09/27 v1.99g Standard LaTeX file
LaTeX Font Info:    Redeclaring font encoding OT1 on input line 43.
))
("C:\Program Files (x86)\MiKTeX 2.7\tex\latex\base\inputenc.sty"
Package: inputenc 2006/05/05 v1.1b Input encoding file
\inpenc@prehook=\toks16
\inpenc@posthook=\toks17

("C:\Program Files (x86)\MiKTeX 2.7\tex\latex\base\utf8.def"
File: utf8.def 2006/03/30 v1.1i UTF-8 support for inputenc
Now handling font encoding OML ...
... no UTF-8 mapping file for font encoding OML
Now handling font encoding T1 ...
... processing UTF-8 mapping file for font encodingT1

("C:\Program Files (x86)\MiKTeX 2.7\tex\latex\base\t1enc.dfu"
File: t1enc.dfu 2006/03/30 v1.1i UTF-8 support for inputenc
   defining Unicode char U+00A1 (decimal 161)
   defining Unicode char U+00A3 (decimal 163)
   defining Unicode char U+00AB (decimal 171)
   defining Unicode char U+00BB (decimal 187)
   defining Unicode char U+00BF (decimal 191)
   defining Unicode char U+00C0 (decimal 192)
   defining Unicode char U+00C1 (decimal 193)
   defining Unicode char U+00C2 (decimal 194)
   defining Unicode char U+00C3 (decimal 195)
   defining Unicode char U+00C4 (decimal 196)
   defining Unicode char U+00C5 (decimal 197)
   defining Unicode char U+00C6 (decimal 198)
   defining Unicode char U+00C7 (decimal 199)
   defining Unicode char U+00C8 (decimal 200)
   defining Unicode char U+00C9 (decimal 201)
   defining Unicode char U+00CA (decimal 202)
   defining Unicode char U+00CB (decimal 203)
   defining Unicode char U+00CC (decimal 204)
   defining Unicode char U+00CD (decimal 205)
   defining Unicode char U+00CE (decimal 206)
   defining Unicode char U+00CF (decimal 207)
   defining Unicode char U+00D0 (decimal 208)
   defining Unicode char U+00D1 (decimal 209)
   defining Unicode char U+00D2 (decimal 210)
   defining Unicode char U+00D3 (decimal 211)
   defining Unicode char U+00D4 (decimal 212)
   defining Unicode char U+00D5 (decimal 213)
   defining Unicode char U+00D6 (decimal 214)
   defining Unicode char U+00D8 (decimal 216)
   defining Unicode char U+00D9 (decimal 217)
   defining Unicode char U+00DA (decimal 218)
   defining Unicode char U+00DB (decimal 219)
   defining Unicode char U+00DC (decimal 220)
   defining Unicode char U+00DD (decimal 221)
   defining Unicode char U+00DE (decimal 222)
   defining Unicode char U+00DF (decimal 223)
   defining Unicode char U+00E0 (decimal 224)
   defining Unicode char U+00E1 (decimal 225)
   defining Unicode char U+00E2 (decimal 226)
   defining Unicode char U+00E3 (decimal 227)
   defining Unicode char U+00E4 (decimal 228)
   defining Unicode char U+00E5 (decimal 229)
   defining Unicode char U+00E6 (decimal 230)
   defining Unicode char U+00E7 (decimal 231)
   defining Unicode char U+00E8 (decimal 232)
   defining Unicode char U+00E9 (decimal 233)
   defining Unicode char U+00EA (decimal 234)
   defining Unicode char U+00EB (decimal 235)
   defining Unicode char U+00EC (decimal 236)
   defining Unicode char U+00ED (decimal 237)
   defining Unicode char U+00EE (decimal 238)
   defining Unicode char U+00EF (decimal 239)
   defining Unicode char U+00F0 (decimal 240)
   defining Unicode char U+00F1 (decimal 241)
   defining Unicode char U+00F2 (decimal 242)
   defining Unicode char U+00F3 (decimal 243)
   defining Unicode char U+00F4 (decimal 244)
   defining Unicode char U+00F5 (decimal 245)
   defining Unicode char U+00F6 (decimal 246)
   defining Unicode char U+00F8 (decimal 248)
   defining Unicode char U+00F9 (decimal 249)
   defining Unicode char U+00FA (decimal 250)
   defining Unicode char U+00FB (decimal 251)
   defining Unicode char U+00FC (decimal 252)
   defining Unicode char U+00FD (decimal 253)
   defining Unicode char U+00FE (decimal 254)
   defining Unicode char U+00FF (decimal 255)
   defining Unicode char U+0102 (decimal 258)
   defining Unicode char U+0103 (decimal 259)
   defining Unicode char U+0104 (decimal 260)
   defining Unicode char U+0105 (decimal 261)
   defining Unicode char U+0106 (decimal 262)
   defining Unicode char U+0107 (decimal 263)
   defining Unicode char U+010C (decimal 268)
   defining Unicode char U+010D (decimal 269)
   defining Unicode char U+010E (decimal 270)
   defining Unicode char U+010F (decimal 271)
   defining Unicode char U+0110 (decimal 272)
   defining Unicode char U+0111 (decimal 273)
   defining Unicode char U+0118 (decimal 280)
   defining Unicode char U+0119 (decimal 281)
   defining Unicode char U+011A (decimal 282)
   defining Unicode char U+011B (decimal 283)
   defining Unicode char U+011E (decimal 286)
   defining Unicode char U+011F (decimal 287)
   defining Unicode char U+0130 (decimal 304)
   defining Unicode char U+0131 (decimal 305)
   defining Unicode char U+0132 (decimal 306)
   defining Unicode char U+0133 (decimal 307)
   defining Unicode char U+0139 (decimal 313)
   defining Unicode char U+013A (decimal 314)
   defining Unicode char U+013D (decimal 317)
   defining Unicode char U+013E (decimal 318)
   defining Unicode char U+0141 (decimal 321)
   defining Unicode char U+0142 (decimal 322)
   defining Unicode char U+0143 (decimal 323)
   defining Unicode char U+0144 (decimal 324)
   defining Unicode char U+0147 (decimal 327)
   defining Unicode char U+0148 (decimal 328)
   defining Unicode char U+014A (decimal 330)
   defining Unicode char U+014B (decimal 331)
   defining Unicode char U+0150 (decimal 336)
   defining Unicode char U+0151 (decimal 337)
   defining Unicode char U+0152 (decimal 338)
   defining Unicode char U+0153 (decimal 339)
   defining Unicode char U+0154 (decimal 340)
   defining Unicode char U+0155 (decimal 341)
   defining Unicode char U+0158 (decimal 344)
   defining Unicode char U+0159 (decimal 345)
   defining Unicode char U+015A (decimal 346)
   defining Unicode char U+015B (decimal 347)
   defining Unicode char U+015E (decimal 350)
   defining Unicode char U+015F (decimal 351)
   defining Unicode char U+0160 (decimal 352)
   defining Unicode char U+0161 (decimal 353)
   defining Unicode char U+0162 (decimal 354)
   defining Unicode char U+0163 (decimal 355)
   defining Unicode char U+0164 (decimal 356)
   defining Unicode char U+0165 (decimal 357)
   defining Unicode char U+016E (decimal 366)
   defining Unicode char U+016F (decimal 367)
   defining Unicode char U+0170 (decimal 368)
   defining Unicode char U+0171 (decimal 369)
   defining Unicode char U+0178 (decimal 376)
   defining Unicode char U+0179 (decimal 377)
   defining Unicode char U+017A (decimal 378)
   defining Unicode char U+017B (decimal 379)
   defining Unicode char U+017C (decimal 380)
   defining Unicode char U+017D (decimal 381)
   defining Unicode char U+017E (decimal 382)
   defining Unicode char U+200C (decimal 8204)
   defining Unicode char U+2013 (decimal 8211)
   defining Unicode char U+2014 (decimal 8212)
   defining Unicode char U+2018 (decimal 8216)
   defining Unicode char U+2019 (decimal 8217)
   defining Unicode char U+201A (decimal 8218)
   defining Unicode char U+201C (decimal 8220)
   defining Unicode char U+201D (decimal 8221)
   defining Unicode char U+201E (decimal 8222)
   defining Unicode char U+2030 (decimal 8240)
   defining Unicode char U+2031 (decimal 8241)
   defining Unicode char U+2039 (decimal 8249)
   defining Unicode char U+203A (decimal 8250)
   defining Unicode char U+2423 (decimal 9251)
)
Now handling font encoding OT1 ...
... processing UTF-8 mapping file for font encodingOT1

("C:\Program Files (x86)\MiKTeX 2.7\tex\latex\base\ot1enc.dfu"
File: ot1enc.dfu 2006/03/30 v1.1i UTF-8 support for inputenc
   defining Unicode char U+00A1 (decimal 161)
   defining Unicode char U+00A3 (decimal 163)
   defining Unicode char U+00B8 (decimal 184)
   defining Unicode char U+00BF (decimal 191)
   defining Unicode char U+00C5 (decimal 197)
   defining Unicode char U+00C6 (decimal 198)
   defining Unicode char U+00D8 (decimal 216)
   defining Unicode char U+00DF (decimal 223)
   defining Unicode char U+00E6 (decimal 230)
   defining Unicode char U+00EC (decimal 236)
   defining Unicode char U+00ED (decimal 237)
   defining Unicode char U+00EE (decimal 238)
   defining Unicode char U+00EF (decimal 239)
   defining Unicode char U+00F8 (decimal 248)
   defining Unicode char U+0131 (decimal 305)
   defining Unicode char U+0141 (decimal 321)
   defining Unicode char U+0142 (decimal 322)
   defining Unicode char U+0152 (decimal 338)
   defining Unicode char U+0153 (decimal 339)
   defining Unicode char U+2013 (decimal 8211)
   defining Unicode char U+2014 (decimal 8212)
   defining Unicode char U+2018 (decimal 8216)
   defining Unicode char U+2019 (decimal 8217)
   defining Unicode char U+201C (decimal 8220)
   defining Unicode char U+201D (decimal 8221)
)
Now handling font encoding IL2 ...
... no UTF-8 mapping file for font encoding IL2
Now handling font encoding OMS ...
... processing UTF-8 mapping file for font encodingOMS

("C:\Program Files (x86)\MiKTeX 2.7\tex\latex\base\omsenc.dfu"
File: omsenc.dfu 2006/03/30 v1.1i UTF-8 support for inputenc
   defining Unicode char U+00A7 (decimal 167)
   defining Unicode char U+00B6 (decimal 182)
   defining Unicode char U+00B7 (decimal 183)
   defining Unicode char U+2020 (decimal 8224)
   defining Unicode char U+2021 (decimal 8225)
   defining Unicode char U+2022 (decimal 8226)
)
Now handling font encoding OMX ...
... no UTF-8 mapping file for font encoding OMX
Now handling font encoding U ...
... no UTF-8 mapping file for font encoding U
   defining Unicode char U+00A9 (decimal 169)
   defining Unicode char U+00AA (decimal 170)
   defining Unicode char U+00AE (decimal 174)
   defining Unicode char U+00BA (decimal 186)
   defining Unicode char U+02C6 (decimal 710)
   defining Unicode char U+02DC (decimal 732)
   defining Unicode char U+200C (decimal 8204)
   defining Unicode char U+2026 (decimal 8230)
   defining Unicode char U+2122 (decimal 8482)
   defining Unicode char U+2423 (decimal 9251)
))
("C:\Program Files (x86)\MiKTeX 2.7\tex\csplain\base\czech.sty")
("C:\Program Files (x86)\MiKTeX 2.7\tex\latex\graphics\graphicx.sty"
Package: graphicx 1999/02/16 v1.0f Enhanced LaTeX Graphics (DPC,SPQR)

("C:\Program Files (x86)\MiKTeX 2.7\tex\latex\graphics\keyval.sty"
Package: keyval 1999/03/16 v1.13 key=value parser (DPC)
\KV@toks@=\toks18
)
("C:\Program Files (x86)\MiKTeX 2.7\tex\latex\graphics\graphics.sty"
Package: graphics 2006/02/20 v1.0o Standard LaTeX Graphics (DPC,SPQR)

("C:\Program Files (x86)\MiKTeX 2.7\tex\latex\graphics\trig.sty"
Package: trig 1999/03/16 v1.09 sin cos tan (DPC)
)
("C:\Program Files (x86)\MiKTeX 2.7\tex\latex\00miktex\graphics.cfg"
File: graphics.cfg 2007/01/18 v1.5 graphics configuration of teTeX/TeXLive
)
Package graphics Info: Driver file: pdftex.def on input line 90.

("C:\Program Files (x86)\MiKTeX 2.7\tex\latex\graphics\pdftex.def"
File: pdftex.def 2007/06/12 v0.04h Graphics/color for pdfTeX
\Gread@gobject=\count89
))
\Gin@req@height=\dimen104
\Gin@req@width=\dimen105
)
(k336_thesis_macros.sty
One side layout redefined.
(hyphen.tex))
Bakalarska prace
("C:\Program Files (x86)\MiKTeX 2.7\tex\latex\hyperref\hyperref.sty"
Package: hyperref 2007/11/17 v6.77f Hypertext links for LaTeX

("C:\Program Files (x86)\MiKTeX 2.7\tex\latex\oberdiek\hycolor.sty"
Package: hycolor 2007/04/11 v1.1 Code for color options of hyperref/bookmark (H
O)
)
\@linkdim=\dimen106
\Hy@linkcounter=\count90
\Hy@pagecounter=\count91

("C:\Program Files (x86)\MiKTeX 2.7\tex\latex\hyperref\pd1enc.def"
File: pd1enc.def 2007/11/17 v6.77f Hyperref: PDFDocEncoding definition (HO)
Now handling font encoding PD1 ...
... no UTF-8 mapping file for font encoding PD1
)
("C:\Program Files (x86)\MiKTeX 2.7\tex\generic\oberdiek\etexcmds.sty"
Package: etexcmds 2007/09/09 v1.1 Prefix for e-TeX command names (HO)

("C:\Program Files (x86)\MiKTeX 2.7\tex\generic\oberdiek\infwarerr.sty"
Package: infwarerr 2007/09/09 v1.2 Providing info/warning/message (HO)
))
("C:\Program Files (x86)\MiKTeX 2.7\tex\latex\00miktex\hyperref.cfg"
File: hyperref.cfg 2002/06/06 v1.2 hyperref configuration of TeXLive
)
("C:\Program Files (x86)\MiKTeX 2.7\tex\latex\oberdiek\kvoptions.sty"
Package: kvoptions 2007/10/18 v3.0 Keyval support for LaTeX options (HO)
)

Package hyperref Warning: Token not allowed in a PDF string (PDFDocEncoding),
(hyperref)                removing `\unhbox' on input line 2663.


Package hyperref Warning: Token not allowed in a PDF string (PDFDocEncoding),
(hyperref)                removing `\voidb@x' on input line 2663.


Package hyperref Warning: Token not allowed in a PDF string (PDFDocEncoding),
(hyperref)                removing `\<let>-command' on input line 2663.


Package hyperref Warning: Token not allowed in a PDF string (PDFDocEncoding),
(hyperref)                removing `\unhbox' on input line 2663.


Package hyperref Warning: Token not allowed in a PDF string (PDFDocEncoding),
(hyperref)                removing `\voidb@x' on input line 2663.


Package hyperref Warning: Token not allowed in a PDF string (PDFDocEncoding),
(hyperref)                removing `\setbox' on input line 2663.


Package hyperref Warning: Token not allowed in a PDF string (PDFDocEncoding),
(hyperref)                removing `\@tempboxa' on input line 2663.


Package hyperref Warning: Token not allowed in a PDF string (PDFDocEncoding),
(hyperref)                removing `\hbox' on input line 2663.


Package hyperref Warning: Token not allowed in a PDF string (PDFDocEncoding),
(hyperref)                removing `\global' on input line 2663.


Package hyperref Warning: Token not allowed in a PDF string (PDFDocEncoding),
(hyperref)                removing `\mathchardef' on input line 2663.


Package hyperref Warning: Token not allowed in a PDF string (PDFDocEncoding),
(hyperref)                removing `\spacefactor' on input line 2663.


Package hyperref Warning: Token not allowed in a PDF string (PDFDocEncoding),
(hyperref)                removing `\accent' on input line 2663.


Package hyperref Warning: Token not allowed in a PDF string (PDFDocEncoding),
(hyperref)                removing `\spacefactor' on input line 2663.

Package hyperref Info: Option `bookmarks' set `true' on input line 2663.
Package hyperref Info: Option `colorlinks' set `true' on input line 2663.
Package hyperref Info: Option `breaklinks' set `true' on input line 2663.
Package hyperref Info: Option `unicode' set `true' on input line 2663.
("C:\Program Files (x86)\MiKTeX 2.7\tex\latex\hyperref\puenc.def"
File: puenc.def 2007/11/17 v6.77f Hyperref: PDF Unicode definition (HO)
Now handling font encoding PU ...
... no UTF-8 mapping file for font encoding PU
)
Package hyperref Info: Hyper figures OFF on input line 2699.
Package hyperref Info: Link nesting OFF on input line 2704.
Package hyperref Info: Hyper index ON on input line 2707.
Package hyperref Info: Plain pages OFF on input line 2714.
Package hyperref Info: Backreferencing OFF on input line 2719.

Implicit mode ON; LaTeX internals redefined
Package hyperref Info: Bookmarks ON on input line 2875.
("C:\Program Files (x86)\MiKTeX 2.7\tex\latex\ltxmisc\url.sty"
\Urlmuskip=\muskip10
Package: url 2006/04/12  ver 3.3  Verb mode for urls, etc.
)
LaTeX Info: Redefining \url on input line 3045.

("C:\Program Files (x86)\MiKTeX 2.7\tex\generic\oberdiek\bitset.sty"
Package: bitset 2007/09/28 v1.0 Data type bit set (HO)

("C:\Program Files (x86)\MiKTeX 2.7\tex\generic\oberdiek\intcalc.sty"
Package: intcalc 2007/09/27 v1.1 Expandable integer calculations (HO)
)
("C:\Program Files (x86)\MiKTeX 2.7\tex\generic\oberdiek\bigintcalc.sty"
Package: bigintcalc 2007/11/11 v1.1 Expandable big integer calculations (HO)

("C:\Program Files (x86)\MiKTeX 2.7\tex\generic\oberdiek\pdftexcmds.sty"
Package: pdftexcmds 2007/11/12 v0.2 LuaTeX support for pdfTeX utility functions
 (HO)
Package pdftexcmds Info: LuaTeX not detected on input line 136.
)))
("C:\Program Files (x86)\MiKTeX 2.7\tex\generic\oberdiek\kvsetkeys.sty"
Package: kvsetkeys 2007/09/29 v1.3 Key value parser with default handler suppor
t (HO)
)
\Fld@menulength=\count92
\Field@Width=\dimen107
\Fld@charsize=\dimen108
\Field@toks=\toks19
Package hyperref Info: Hyper figures OFF on input line 3926.
Package hyperref Info: Link nesting OFF on input line 3931.
Package hyperref Info: Hyper index ON on input line 3934.
Package hyperref Info: backreferencing OFF on input line 3941.
Package hyperref Info: Link coloring ON on input line 3944.

("C:\Program Files (x86)\MiKTeX 2.7\tex\generic\oberdiek\atbegshi.sty"
Package: atbegshi 2007/09/09 v1.6 At begin shipout hook (HO)

("C:\Program Files (x86)\MiKTeX 2.7\tex\generic\oberdiek\ifpdf.sty"
Package: ifpdf 2007/09/09 v1.5 Provides the ifpdf switch (HO)
Package ifpdf Info: pdfTeX in pdf mode detected.
))
\Hy@abspage=\count93
\c@Item=\count94
\c@Hfootnote=\count95
)
*hyperref using default driver hpdftex*
("C:\Program Files (x86)\MiKTeX 2.7\tex\latex\hyperref\hpdftex.def"
File: hpdftex.def 2007/11/17 v6.77f Hyperref driver for pdfTeX
\Fld@listcount=\count96
)
("C:\Program Files (x86)\MiKTeX 2.7\tex\latex\natbib\natbib.sty"
Package: natbib 2009/11/07 8.31a (PWD, AO)
\bibhang=\skip43
\bibsep=\skip44
LaTeX Info: Redefining \cite on input line 694.
\c@NAT@ctr=\count97
)
(Hron-thesis-2009.aux)
LaTeX Font Info:    Checking defaults for OML/cmm/m/it on input line 134.
LaTeX Font Info:    ... okay on input line 134.
LaTeX Font Info:    Checking defaults for T1/cmr/m/n on input line 134.
LaTeX Font Info:    ... okay on input line 134.
LaTeX Font Info:    Checking defaults for OT1/cmr/m/n on input line 134.
LaTeX Font Info:    ... okay on input line 134.
LaTeX Font Info:    Checking defaults for IL2/cmr/m/n on input line 134.
LaTeX Font Info:    ... okay on input line 134.
LaTeX Font Info:    Checking defaults for OMS/cmsy/m/n on input line 134.
LaTeX Font Info:    ... okay on input line 134.
LaTeX Font Info:    Checking defaults for OMX/cmex/m/n on input line 134.
LaTeX Font Info:    ... okay on input line 134.
LaTeX Font Info:    Checking defaults for U/cmr/m/n on input line 134.
LaTeX Font Info:    ... okay on input line 134.
LaTeX Font Info:    Checking defaults for PD1/pdf/m/n on input line 134.
LaTeX Font Info:    ... okay on input line 134.
LaTeX Font Info:    Checking defaults for PU/pdf/m/n on input line 134.
LaTeX Font Info:    ... okay on input line 134.

("C:\Program Files (x86)\MiKTeX 2.7\tex\context\base\supp-pdf.tex"
[Loading MPS to PDF converter (version 2006.09.02).]
\scratchcounter=\count98
\scratchdimen=\dimen109
\scratchbox=\box26
\nofMPsegments=\count99
\nofMParguments=\count100
\MPscratchCnt=\count101
\MPscratchDim=\dimen110
\MPnumerator=\count102
\everyMPtoPDFconversion=\toks20
) ("C:\Program Files (x86)\MiKTeX 2.7\tex\latex\graphics\color.sty"
Package: color 2005/11/14 v1.0j Standard LaTeX Color (DPC)

("C:\Program Files (x86)\MiKTeX 2.7\tex\latex\00miktex\color.cfg"
File: color.cfg 2007/01/18 v1.5 color configuration of teTeX/TeXLive
)
Package color Info: Driver file: pdftex.def on input line 130.
)
Package hyperref Info: Link coloring ON on input line 134.

("C:\Program Files (x86)\MiKTeX 2.7\tex\latex\hyperref\nameref.sty"
Package: nameref 2007/05/29 v2.31 Cross-referencing by name of section

("C:\Program Files (x86)\MiKTeX 2.7\tex\latex\oberdiek\refcount.sty"
Package: refcount 2006/02/20 v3.0 Data extraction from references (HO)
)
\c@section@level=\count103
)
LaTeX Info: Redefining \ref on input line 134.
LaTeX Info: Redefining \pageref on input line 134.

(Hron-thesis-2009.out) (Hron-thesis-2009.out)
\@outlinefile=\write3
\AtBeginShipoutBox=\box27

************************************************
Zvoleny jazyk: cestina
Typ prace: Bakal\IeC {\'a}\IeC {\v r}sk\IeC {\'a} pr\IeC {\'a}ce
Studijni program: Softwarov\IeC {\'e} technologie a management, Bakal\IeC {\'a}
\IeC {\v r}sk\IeC {\'y}
Obor: Web a multimedia
Jmeno: Jan Langer
Nazev prace: Studentova Berli\IeC {\v c}ka III - import dat z KOSu
Vedouci prace: Ing. Ji\IeC {\v r}\IeC {\'\i } Chludil
***************************************************
LaTeX Font Info:    Try loading font information for OMS+cmr on input line 193.

("C:\Program Files (x86)\MiKTeX 2.7\tex\latex\base\omscmr.fd"
File: omscmr.fd 1999/05/25 v2.5h Standard LaTeX font definitions
)
LaTeX Font Info:    Font shape `OMS/cmr/m/n' in size <10.95> not available
(Font)              Font shape `OMS/cmsy/m/n' tried instead on input line 193.
 [1



{C:/ProgramData/MiKTeX/2.7/pdftex/config/pdftex.map}]
<figures/LogoCVUT.pdf, id=104, 93.34875pt x 70.2625pt>
File: figures/LogoCVUT.pdf Graphic file (type pdf)

<use figures/LogoCVUT.pdf> [3

 <figures/LogoCVUT.pdf>] [4

] [5

] [6


]
(Hron-thesis-2009.toc
LaTeX Font Info:    External font `cmex10' loaded for size
(Font)              <10.95> on input line 11.
LaTeX Font Info:    External font `cmex10' loaded for size
(Font)              <8> on input line 11.
LaTeX Font Info:    External font `cmex10' loaded for size
(Font)              <6> on input line 11.
)
\tf@toc=\write4
 [7

] (Hron-thesis-2009.lof)
\tf@lof=\write5
 [8

] (Hron-thesis-2009.lot)
\tf@lot=\write6

[9

]
Kapitola 1.
[1


]
Kapitola 2.
[2

]
Kapitola 3.
[3

]
Kapitola 4.
[4

]
Kapitola 5.
[5

]
Kapitola 6.
(Hron-thesis-2009.bbl [6

]
Overfull \hbox (28.12636pt too wide) in paragraph at lines 39--42
[][]\OT1/cmr/m/n/10.95 web:cstug.  CSTUG --- $\OMS/cmsy/m/n/10.95 C[]$         
                                                                               
                                      \T1/cmr/m/n/10.95 T[]X
 []


Underfull \hbox (badness 10000) in paragraph at lines 61--64
[][]\OT1/cmr/m/n/10.95 web:ipe.  Grafick^^Sy vek-torov^^Sy ed-i-tor pro pr^^Sac
e vhodn^^Sy pro pr^^Saci
 []


Overfull \hbox (3.71246pt too wide) in paragraph at lines 66--70
[][]\OT1/cmr/m/n/10.95 web:latexdocweb.                                        
                                                                               
         \T1/cmr/m/n/10.95 L[]T[]X
 []


Overfull \hbox (48.33385pt too wide) in paragraph at lines 72--75
[][]\OT1/cmr/m/n/10.95 web:latexwiki.  Wiki Books                              
                                                                               
                  \T1/cmr/m/n/10.95 L[]T[]X\OT1/cmr/m/n/10.95 .
 []


Underfull \hbox (badness 10000) in paragraph at lines 72--75

 []

) [7

]
Dodatek A.

Overfull \hbox (12.61977pt too wide) in paragraph at lines 354--355
[]\OT1/cmr/bx/n/12 Tato p^^Tr^^S^^Ploha neb-ude sou^^Tc^^Sast^^S^^P va^^Ts^^S^^
P pr^^Sace. Slou^^Tz^^S^^P pouze jako p^^Tr^^S^^Pklad form^^Satov^^San^^S^^P
 []

[8

] [9] [10] [11]
Dodatek B.

Overfull \hbox (109.213pt too wide) in paragraph at lines 401--402
[][]\OT1/cmr/m/n/10.95 Pou^^Tz^^S^^Pvat se daj^^S^^P v^^Tsechny p^^Tr^^S^^Pkazy
 syst^^Semu                                                                    
                                                           \T1/cmr/m/n/10.95 L[
]T[]X\OT1/cmr/m/n/10.95 .
 []


Overfull \hbox (90.03984pt too wide) in paragraph at lines 403--404
[][]\OT1/cmr/m/n/10.95 Existuj^^S^^P i r^^Wuzn^^Se nad-stavby nad syst^^Semy   
                                                                               
                                             \T1/cmr/m/n/10.95 T[]X
 []

LaTeX Font Info:    External font `cmex10' loaded for size
(Font)              <9> on input line 409.
LaTeX Font Info:    External font `cmex10' loaded for size
(Font)              <5> on input line 409.
File: figures/LogoCVUT.pdf Graphic file (type pdf)
<use figures/LogoCVUT.pdf> [12

] [13] [14]
Overfull \hbox (92.04707pt too wide) in paragraph at lines 517--524
[][]\OT1/cmr/bx/n/10.95 Pozor: \OT1/cmr/m/n/10.95 Sazba n^^Sazv^^Wu od-kaz^^Wu 
je d^^Sana Bib                                                                 
                                                             \T1/cmr/m/n/10.95 
T[]X
 []


Overfull \hbox (61.96642pt too wide) in paragraph at lines 517--524
\OT1/cmr/m/n/10.95 ([]\OT1/cmtt/m/n/10.95 \bibliographystyle{abbrv}\OT1/cmr/m/n
/10.95 ). Bib                                                                  
                                                            \T1/cmr/m/n/10.95 T
[]X
 []

LaTeX Font Info:    Try loading font information for OMS+cmtt on input line 526
.
LaTeX Font Info:    No file OMScmtt.fd. on input line 526.

LaTeX Font Warning: Font shape `OMS/cmtt/m/n' undefined
(Font)              using `OMS/cmsy/m/n' instead
(Font)              for symbol `textbraceleft' on input line 526.


Overfull \hbox (5.50258pt too wide) in paragraph at lines 525--530
\OT1/cmr/m/n/10.95 napov^^Ted^^Tet, kter^^Sa p^^S^^Psmena nechat bez kon-verz^^
S^^P (viz \OT1/cmtt/m/n/10.95 title = "\OMS/cmtt/m/n/10.95 f$n$\OT1/cmtt/m/n/10
.95 LaTeX\OMS/cmtt/m/n/10.95 g \OT1/cmtt/m/n/10.95 --- online manu^^Sal"
 []

[15] [16] [17]
Dodatek C.
[18

]
Dodatek D.
[19

]
Dodatek E.
[20

]
Dodatek F.
<figures/seznamcd.pdf, id=305, 793.96625pt x 539.01375pt>
File: figures/seznamcd.pdf Graphic file (type pdf)

<use figures/seznamcd.pdf> [21

 <figures/seznamcd.pdf>] [22]
(Hron-thesis-2009.aux)

LaTeX Font Warning: Some font shapes were not available, defaults substituted.

 ) 
Here is how much of TeX's memory you used:
 5984 strings out of 95223
 77195 string characters out of 1182798
 146973 words of memory out of 1500000
 9107 multiletter control sequences out of 110000
 13103 words of font info for 43 fonts, out of 1200000 for 2000
 28 hyphenation exceptions out of 8191
 36i,9n,36p,968b,437s stack positions out of 5000i,500n,10000p,200000b,5000s
 <C:\ProgramData\MiKTeX\2.7\fonts\pk\ljfour\jknappen\ec\dpi600\ecrm0800.pk> <
C:\ProgramData\MiKTeX\2.7\fonts\pk\ljfour\jknappen\ec\dpi600\ecrm1095.pk><C:/Pr
ogram Files (x86)/MiKTeX 2.7/fonts/type1/bluesky/cm/cmbx10.pfb><C:/Program File
s (x86)/MiKTeX 2.7/fonts/type1/bluesky/cm/cmbx12.pfb><C:/Program Files (x86)/Mi
KTeX 2.7/fonts/type1/bluesky/cm/cmmi10.pfb><C:/Program Files (x86)/MiKTeX 2.7/f
onts/type1/bluesky/cm/cmr10.pfb><C:/Program Files (x86)/MiKTeX 2.7/fonts/type1/
bluesky/cm/cmr12.pfb><C:/Program Files (x86)/MiKTeX 2.7/fonts/type1/bluesky/cm/
cmr6.pfb><C:/Program Files (x86)/MiKTeX 2.7/fonts/type1/bluesky/cm/cmr8.pfb><C:
/Program Files (x86)/MiKTeX 2.7/fonts/type1/bluesky/cm/cmr9.pfb><C:/Program Fil
es (x86)/MiKTeX 2.7/fonts/type1/bluesky/cm/cmsl10.pfb><C:/Program Files (x86)/M
iKTeX 2.7/fonts/type1/bluesky/cm/cmsy10.pfb><C:/Program Files (x86)/MiKTeX 2.7/
fonts/type1/bluesky/cm/cmti10.pfb><C:/Program Files (x86)/MiKTeX 2.7/fonts/type
1/bluesky/cm/cmti12.pfb><C:/Program Files (x86)/MiKTeX 2.7/fonts/type1/bluesky/
cm/cmtt10.pfb><C:/Program Files (x86)/MiKTeX 2.7/fonts/type1/bluesky/cm/cmtt9.p
fb>
Output written on Hron-thesis-2009.pdf (30 pages, 283522 bytes).
PDF statistics:
 396 PDF objects out of 1000 (max. 8388607)
 81 named destinations out of 1000 (max. 131072)
 203 words of extra memory for PDF output out of 10000 (max. 10000000)

